{ timestamp: 2022-11-21T02:49:05.725Z, level: [INFO], data: LogMessage {
  process: 'Server',
  event: 'Startup',
  message: 'Application is running.',
  details: { port: '3000' }
}}
{ timestamp: 2022-11-21T02:49:05.748Z, level: [INFO], data: LogMessage {
  process: 'DB',
  event: 'Connect',
  message: 'DB authenticated and connected.',
  details: {}
}}
{ timestamp: 2022-11-21T02:49:58.373Z, level: [INFO], data: LogMessage {
  process: 'Server',
  event: 'Startup',
  message: 'Application is running.',
  details: { port: '3000' }
}}
{ timestamp: 2022-11-21T02:49:58.404Z, level: [INFO], data: LogMessage {
  process: 'DB',
  event: 'Connect',
  message: 'DB authenticated and connected.',
  details: {}
}}
