{ timestamp: 2021-01-08T22:03:52.121Z, level: [INFO], data: LogMessage {
  process: 'Server',
  event: 'Startup',
  message: 'Application is running.',
  details: { port: 3000 }
}}
{ timestamp: 2021-01-08T22:03:52.163Z, level: [INFO], data: LogMessage {
  process: 'DB',
  event: 'Connect',
  message: 'DB authenticated and connected.',
  details: {}
}}
{ timestamp: 2021-01-08T22:04:46.154Z, level: [INFO], data: LogMessage {
  process: 'Validate Token',
  event: 'verifyToken',
  message: 'No token provided.',
  details: {}
}}
{"message":"{\"date\":\"2021-01-08T22:04:46.159Z\",\"method\":\"POST\",\"url\":\"/xmasList/items\",\"status\":\"400\",\"remote-addr\":\"::ffff:10.1.1.104\",\"response-time\":\"4.203 ms\"}\n","level":"info"}
{ timestamp: 2021-01-08T22:05:01.860Z, level: [INFO], data: LogMessage {
  process: 'Validate Token',
  event: 'verifyToken',
  message: 'No token provided.',
  details: {}
}}
{"message":"{\"date\":\"2021-01-08T22:05:01.863Z\",\"method\":\"POST\",\"url\":\"/xmasList/items\",\"status\":\"400\",\"remote-addr\":\"::ffff:10.1.1.104\",\"response-time\":\"2.352 ms\"}\n","level":"info"}
{ timestamp: 2021-01-08T22:05:38.663Z, level: [INFO], data: LogMessage {
  process: 'Server',
  event: 'Startup',
  message: 'Application is running.',
  details: { port: 3000 }
}}
{ timestamp: 2021-01-08T22:05:38.704Z, level: [INFO], data: LogMessage {
  process: 'DB',
  event: 'Connect',
  message: 'DB authenticated and connected.',
  details: {}
}}
{ timestamp: 2021-01-08T22:05:40.861Z, level: [INFO], data: LogMessage {
  process: 'Validate Token',
  event: 'verifyToken',
  message: 'No token provided.',
  details: {}
}}
{"message":"{\"date\":\"2021-01-08T22:05:40.866Z\",\"method\":\"POST\",\"url\":\"/xmasList/items\",\"status\":\"500\",\"remote-addr\":\"::ffff:10.1.1.104\",\"response-time\":\"4.883 ms\"}\n","level":"info"}
{ timestamp: 2021-01-08T22:05:40.864Z, level: [ERROR], data: 500 - Cannot read property 'payload' of null - /xmasList/items - POST - ::ffff:10.1.1.104}
{ timestamp: 2021-01-08T22:06:14.056Z, level: [INFO], data: LogMessage {
  process: 'Server',
  event: 'Startup',
  message: 'Application is running.',
  details: { port: 3000 }
}}
{ timestamp: 2021-01-08T22:06:14.096Z, level: [INFO], data: LogMessage {
  process: 'DB',
  event: 'Connect',
  message: 'DB authenticated and connected.',
  details: {}
}}
{ timestamp: 2021-01-08T22:06:20.402Z, level: [INFO], data: LogMessage {
  process: 'Server',
  event: 'Startup',
  message: 'Application is running.',
  details: { port: 3000 }
}}
{ timestamp: 2021-01-08T22:06:20.450Z, level: [INFO], data: LogMessage {
  process: 'DB',
  event: 'Connect',
  message: 'DB authenticated and connected.',
  details: {}
}}
{ timestamp: 2021-01-08T22:06:23.862Z, level: [INFO], data: LogMessage {
  process: 'Auth',
  event: 'login',
  message: 'Updated login IP.',
  details: { user: 5fee7d60717309f9e976fabd, ip: '10.1.1.104' }
}}
{"message":"{\"date\":\"2021-01-08T22:06:23.867Z\",\"method\":\"POST\",\"url\":\"/xmasList/auth/login\",\"status\":\"200\",\"remote-addr\":\"::ffff:10.1.1.104\",\"response-time\":\"91.145 ms\"}\n","level":"info"}
{ timestamp: 2021-01-08T22:06:42.293Z, level: [INFO], data: LogMessage {
  process: 'Validate Token',
  event: 'verifyToken',
  message: 'Token validated.',
  details: {
    tokenInfo: 'eyJhbGciOiJIUzI1NiIsInR5cCI6IkpXVCJ9.eyJuYW1lIjoiZm9vQGdtYWlsLmNvbSIsImlkIjoiNWZlZTdkNjA3MTczMDlmOWU5NzZmYWJkIiwiaWF0IjoxNjEwMTQzNTgzLCJleHAiOjE2MTAxNDcxODN9.-HaDWf10DxFkbKsULSHVnsLwx6haYEa5Yto6-4UpB2o'
  }
}}
{ timestamp: 2021-01-08T22:06:42.302Z, level: [INFO], data: LogMessage {
  process: 'Items',
  event: 'Create item.',
  message: 'Successfully created item.',
  details: { itemInfo: 5ff8d77238d980821bea161c }
}}
{"message":"{\"date\":\"2021-01-08T22:06:42.304Z\",\"method\":\"POST\",\"url\":\"/xmasList/items\",\"status\":\"201\",\"remote-addr\":\"::ffff:10.1.1.104\",\"response-time\":\"11.753 ms\"}\n","level":"info"}
{ timestamp: 2021-01-08T22:07:37.841Z, level: [INFO], data: LogMessage {
  process: 'Validate Token',
  event: 'verifyToken',
  message: 'Token validated.',
  details: {
    tokenInfo: 'eyJhbGciOiJIUzI1NiIsInR5cCI6IkpXVCJ9.eyJuYW1lIjoiZm9vQGdtYWlsLmNvbSIsImlkIjoiNWZlZTdkNjA3MTczMDlmOWU5NzZmYWJkIiwiaWF0IjoxNjEwMTQzNTgzLCJleHAiOjE2MTAxNDcxODN9.-HaDWf10DxFkbKsULSHVnsLwx6haYEa5Yto6-4UpB2o'
  }
}}
{ timestamp: 2021-01-08T22:07:37.846Z, level: [INFO], data: LogMessage {
  process: 'Items',
  event: 'Get eligible items',
  message: 'Successfully retrieved items.',
  details: { userInfo: '5fee7d60717309f9e976fabd' }
}}
{"message":"{\"date\":\"2021-01-08T22:07:37.847Z\",\"method\":\"GET\",\"url\":\"/xmasList/items\",\"status\":\"200\",\"remote-addr\":\"::ffff:10.1.1.104\",\"response-time\":\"7.041 ms\"}\n","level":"info"}
{ timestamp: 2021-01-08T22:08:01.598Z, level: [INFO], data: LogMessage {
  process: 'Validate Token',
  event: 'verifyToken',
  message: 'Token validated.',
  details: {
    tokenInfo: 'eyJhbGciOiJIUzI1NiIsInR5cCI6IkpXVCJ9.eyJuYW1lIjoiZm9vQGdtYWlsLmNvbSIsImlkIjoiNWZlZTdkNjA3MTczMDlmOWU5NzZmYWJkIiwiaWF0IjoxNjEwMTQzNTgzLCJleHAiOjE2MTAxNDcxODN9.-HaDWf10DxFkbKsULSHVnsLwx6haYEa5Yto6-4UpB2o'
  }
}}
{ timestamp: 2021-01-08T22:08:01.603Z, level: [INFO], data: LogMessage {
  process: 'Items',
  event: 'Get all items.',
  message: 'Successfully retrieved items.',
  details: {}
}}
{"message":"{\"date\":\"2021-01-08T22:08:01.604Z\",\"method\":\"GET\",\"url\":\"/xmasList/items/all\",\"status\":\"200\",\"remote-addr\":\"::ffff:10.1.1.104\",\"response-time\":\"6.571 ms\"}\n","level":"info"}
{ timestamp: 2021-01-08T22:09:05.930Z, level: [INFO], data: LogMessage {
  process: 'Validate Token',
  event: 'verifyToken',
  message: 'Token validated.',
  details: {
    tokenInfo: 'eyJhbGciOiJIUzI1NiIsInR5cCI6IkpXVCJ9.eyJuYW1lIjoiZm9vQGdtYWlsLmNvbSIsImlkIjoiNWZlZTdkNjA3MTczMDlmOWU5NzZmYWJkIiwiaWF0IjoxNjEwMTQzNTgzLCJleHAiOjE2MTAxNDcxODN9.-HaDWf10DxFkbKsULSHVnsLwx6haYEa5Yto6-4UpB2o'
  }
}}
{ timestamp: 2021-01-08T22:09:05.934Z, level: [INFO], data: LogMessage {
  process: 'Items',
  event: 'Get eligible items',
  message: 'Successfully retrieved items.',
  details: { userInfo: '5fee7d60717309f9e976fabd' }
}}
{"message":"{\"date\":\"2021-01-08T22:09:05.936Z\",\"method\":\"GET\",\"url\":\"/xmasList/items\",\"status\":\"200\",\"remote-addr\":\"::ffff:10.1.1.104\",\"response-time\":\"6.181 ms\"}\n","level":"info"}
{ timestamp: 2021-01-08T22:09:12.614Z, level: [INFO], data: LogMessage {
  process: 'Validate Token',
  event: 'verifyToken',
  message: 'Token validated.',
  details: {
    tokenInfo: 'eyJhbGciOiJIUzI1NiIsInR5cCI6IkpXVCJ9.eyJuYW1lIjoiZm9vQGdtYWlsLmNvbSIsImlkIjoiNWZlZTdkNjA3MTczMDlmOWU5NzZmYWJkIiwiaWF0IjoxNjEwMTQzNTgzLCJleHAiOjE2MTAxNDcxODN9.-HaDWf10DxFkbKsULSHVnsLwx6haYEa5Yto6-4UpB2o'
  }
}}
{ timestamp: 2021-01-08T22:09:12.618Z, level: [INFO], data: LogMessage {
  process: 'Items',
  event: 'Get all items.',
  message: 'Successfully retrieved items.',
  details: {}
}}
{"message":"{\"date\":\"2021-01-08T22:09:12.620Z\",\"method\":\"GET\",\"url\":\"/xmasList/items/all\",\"status\":\"200\",\"remote-addr\":\"::ffff:10.1.1.104\",\"response-time\":\"6.228 ms\"}\n","level":"info"}
{ timestamp: 2021-01-08T23:07:32.305Z, level: [INFO], data: LogMessage {
  process: 'Server',
  event: 'Startup',
  message: 'Application is running.',
  details: { port: 3000 }
}}
{"error":{},"level":"error","message":"uncaughtException: The `uri` parameter to `openUri()` must be a string, got \"undefined\". Make sure the first parameter to `mongoose.connect()` or `mongoose.createConnection()` is a string.\nMongooseError: The `uri` parameter to `openUri()` must be a string, got \"undefined\". Make sure the first parameter to `mongoose.connect()` or `mongoose.createConnection()` is a string.\n    at NativeConnection.Connection.openUri (/home/node/apps/christmasTracker_server/node_modules/mongoose/lib/connection.js:680:11)\n    at /home/node/apps/christmasTracker_server/node_modules/mongoose/lib/index.js:345:10\n    at /home/node/apps/christmasTracker_server/node_modules/mongoose/lib/helpers/promiseOrCallback.js:31:5\n    at new Promise (<anonymous>)\n    at promiseOrCallback (/home/node/apps/christmasTracker_server/node_modules/mongoose/lib/helpers/promiseOrCallback.js:30:10)\n    at Mongoose._promiseOrCallback (/home/node/apps/christmasTracker_server/node_modules/mongoose/lib/index.js:1135:10)\n    at Mongoose.connect (/home/node/apps/christmasTracker_server/node_modules/mongoose/lib/index.js:344:20)\n    at Object.<anonymous> (/home/node/apps/christmasTracker_server/config/db.js:17:10)\n    at Module._compile (node:internal/modules/cjs/loader:1102:14)\n    at Object.Module._extensions..js (node:internal/modules/cjs/loader:1131:10)\n    at Module.load (node:internal/modules/cjs/loader:967:32)\n    at Function.Module._load (node:internal/modules/cjs/loader:807:14)\n    at Module.require (node:internal/modules/cjs/loader:991:19)\n    at require (node:internal/modules/cjs/helpers:92:18)\n    at Object.<anonymous> (/home/node/apps/christmasTracker_server/server.js:6:12)\n    at Module._compile (node:internal/modules/cjs/loader:1102:14)","stack":"MongooseError: The `uri` parameter to `openUri()` must be a string, got \"undefined\". Make sure the first parameter to `mongoose.connect()` or `mongoose.createConnection()` is a string.\n    at NativeConnection.Connection.openUri (/home/node/apps/christmasTracker_server/node_modules/mongoose/lib/connection.js:680:11)\n    at /home/node/apps/christmasTracker_server/node_modules/mongoose/lib/index.js:345:10\n    at /home/node/apps/christmasTracker_server/node_modules/mongoose/lib/helpers/promiseOrCallback.js:31:5\n    at new Promise (<anonymous>)\n    at promiseOrCallback (/home/node/apps/christmasTracker_server/node_modules/mongoose/lib/helpers/promiseOrCallback.js:30:10)\n    at Mongoose._promiseOrCallback (/home/node/apps/christmasTracker_server/node_modules/mongoose/lib/index.js:1135:10)\n    at Mongoose.connect (/home/node/apps/christmasTracker_server/node_modules/mongoose/lib/index.js:344:20)\n    at Object.<anonymous> (/home/node/apps/christmasTracker_server/config/db.js:17:10)\n    at Module._compile (node:internal/modules/cjs/loader:1102:14)\n    at Object.Module._extensions..js (node:internal/modules/cjs/loader:1131:10)\n    at Module.load (node:internal/modules/cjs/loader:967:32)\n    at Function.Module._load (node:internal/modules/cjs/loader:807:14)\n    at Module.require (node:internal/modules/cjs/loader:991:19)\n    at require (node:internal/modules/cjs/helpers:92:18)\n    at Object.<anonymous> (/home/node/apps/christmasTracker_server/server.js:6:12)\n    at Module._compile (node:internal/modules/cjs/loader:1102:14)","exception":true,"date":"Fri Jan 08 2021 23:07:32 GMT+0000 (Coordinated Universal Time)","process":{"pid":33566,"uid":1000,"gid":1000,"cwd":"/home/node/apps/christmasTracker_server","execPath":"/usr/bin/node","version":"v15.3.0","argv":["/usr/bin/node","/home/node/apps/christmasTracker_server/server.js"],"memoryUsage":{"rss":75186176,"heapTotal":36913152,"heapUsed":19487984,"external":19416790,"arrayBuffers":18407618}},"os":{"loadavg":[0.01,0,0],"uptime":604612},"trace":[{"column":11,"file":"/home/node/apps/christmasTracker_server/node_modules/mongoose/lib/connection.js","function":"NativeConnection.Connection.openUri","line":680,"method":"openUri","native":false},{"column":10,"file":"/home/node/apps/christmasTracker_server/node_modules/mongoose/lib/index.js","function":null,"line":345,"method":null,"native":false},{"column":5,"file":"/home/node/apps/christmasTracker_server/node_modules/mongoose/lib/helpers/promiseOrCallback.js","function":null,"line":31,"method":null,"native":false},{"column":null,"file":null,"function":"new Promise","line":null,"method":null,"native":false},{"column":10,"file":"/home/node/apps/christmasTracker_server/node_modules/mongoose/lib/helpers/promiseOrCallback.js","function":"promiseOrCallback","line":30,"method":null,"native":false},{"column":10,"file":"/home/node/apps/christmasTracker_server/node_modules/mongoose/lib/index.js","function":"Mongoose._promiseOrCallback","line":1135,"method":"_promiseOrCallback","native":false},{"column":20,"file":"/home/node/apps/christmasTracker_server/node_modules/mongoose/lib/index.js","function":"Mongoose.connect","line":344,"method":"connect","native":false},{"column":10,"file":"/home/node/apps/christmasTracker_server/config/db.js","function":null,"line":17,"method":null,"native":false},{"column":14,"file":"node:internal/modules/cjs/loader","function":"Module._compile","line":1102,"method":"_compile","native":false},{"column":10,"file":"node:internal/modules/cjs/loader","function":"Module._extensions..js","line":1131,"method":".js","native":false},{"column":32,"file":"node:internal/modules/cjs/loader","function":"Module.load","line":967,"method":"load","native":false},{"column":14,"file":"node:internal/modules/cjs/loader","function":"Module._load","line":807,"method":"_load","native":false},{"column":19,"file":"node:internal/modules/cjs/loader","function":"Module.require","line":991,"method":"require","native":false},{"column":18,"file":"node:internal/modules/cjs/helpers","function":"require","line":92,"method":null,"native":false},{"column":12,"file":"/home/node/apps/christmasTracker_server/server.js","function":null,"line":6,"method":null,"native":false},{"column":14,"file":"node:internal/modules/cjs/loader","function":"Module._compile","line":1102,"method":"_compile","native":false}]}
{ timestamp: 2021-01-08T23:07:32.311Z, level: [ERROR], data: uncaughtException: The `uri` parameter to `openUri()` must be a string, got "undefined". Make sure the first parameter to `mongoose.connect()` or `mongoose.createConnection()` is a string.
MongooseError: The `uri` parameter to `openUri()` must be a string, got "undefined". Make sure the first parameter to `mongoose.connect()` or `mongoose.createConnection()` is a string.
    at NativeConnection.Connection.openUri (/home/node/apps/christmasTracker_server/node_modules/mongoose/lib/connection.js:680:11)
    at /home/node/apps/christmasTracker_server/node_modules/mongoose/lib/index.js:345:10
    at /home/node/apps/christmasTracker_server/node_modules/mongoose/lib/helpers/promiseOrCallback.js:31:5
    at new Promise (<anonymous>)
    at promiseOrCallback (/home/node/apps/christmasTracker_server/node_modules/mongoose/lib/helpers/promiseOrCallback.js:30:10)
    at Mongoose._promiseOrCallback (/home/node/apps/christmasTracker_server/node_modules/mongoose/lib/index.js:1135:10)
    at Mongoose.connect (/home/node/apps/christmasTracker_server/node_modules/mongoose/lib/index.js:344:20)
    at Object.<anonymous> (/home/node/apps/christmasTracker_server/config/db.js:17:10)
    at Module._compile (node:internal/modules/cjs/loader:1102:14)
    at Object.Module._extensions..js (node:internal/modules/cjs/loader:1131:10)
    at Module.load (node:internal/modules/cjs/loader:967:32)
    at Function.Module._load (node:internal/modules/cjs/loader:807:14)
    at Module.require (node:internal/modules/cjs/loader:991:19)
    at require (node:internal/modules/cjs/helpers:92:18)
    at Object.<anonymous> (/home/node/apps/christmasTracker_server/server.js:6:12)
    at Module._compile (node:internal/modules/cjs/loader:1102:14)}
{ timestamp: 2021-01-08T23:08:50.392Z, level: [INFO], data: LogMessage {
  process: 'Server',
  event: 'Startup',
  message: 'Application is running.',
  details: { port: 3000 }
}}
{ timestamp: 2021-01-08T23:08:50.435Z, level: [INFO], data: LogMessage {
  process: 'DB',
  event: 'Connect',
  message: 'DB authenticated and connected.',
  details: {}
}}
{ timestamp: 2021-01-08T23:08:56.087Z, level: [INFO], data: LogMessage {
  process: 'Auth',
  event: 'login',
  message: 'Updated login IP.',
  details: { user: 5fee7d60717309f9e976fabd, ip: '10.1.1.104' }
}}
{"message":"{\"date\":\"2021-01-08T23:08:56.093Z\",\"method\":\"POST\",\"url\":\"/xmasList/auth/login\",\"status\":\"200\",\"remote-addr\":\"::ffff:10.1.1.104\",\"response-time\":\"95.339 ms\"}\n","level":"info"}
{ timestamp: 2021-01-08T23:09:06.768Z, level: [INFO], data: LogMessage {
  process: 'Validate Token',
  event: 'verifyToken',
  message: 'Token validated.',
  details: {
    tokenInfo: 'eyJhbGciOiJIUzI1NiIsInR5cCI6IkpXVCJ9.eyJuYW1lIjoiZm9vQGdtYWlsLmNvbSIsImlkIjoiNWZlZTdkNjA3MTczMDlmOWU5NzZmYWJkIiwiaWF0IjoxNjEwMTQ3MzM2LCJleHAiOjE2MTAxNTA5MzZ9.AT01nffpuIJxqWriFO0Wp5CAmKAbIh-1dPVt0qtuVZY'
  }
}}
{ timestamp: 2021-01-08T23:09:06.775Z, level: [INFO], data: LogMessage {
  process: 'Items',
  event: 'Get all items.',
  message: 'Successfully retrieved items.',
  details: {}
}}
{"message":"{\"date\":\"2021-01-08T23:09:06.777Z\",\"method\":\"GET\",\"url\":\"/xmasList/items/all\",\"status\":\"200\",\"remote-addr\":\"::ffff:10.1.1.104\",\"response-time\":\"9.652 ms\"}\n","level":"info"}
{ timestamp: 2021-01-08T23:09:42.301Z, level: [INFO], data: LogMessage {
  process: 'Server',
  event: 'Startup',
  message: 'Application is running.',
  details: { port: 3000 }
}}
{ timestamp: 2021-01-08T23:09:42.345Z, level: [INFO], data: LogMessage {
  process: 'DB',
  event: 'Connect',
  message: 'DB authenticated and connected.',
  details: {}
}}
{ timestamp: 2021-01-08T23:10:05.439Z, level: [INFO], data: LogMessage {
  process: 'Auth',
  event: 'login',
  message: 'Updated login IP.',
  details: { user: 5fee7d60717309f9e976fabd, ip: '10.1.1.104' }
}}
{"message":"{\"date\":\"2021-01-08T23:10:05.446Z\",\"method\":\"POST\",\"url\":\"/xmasList/auth/login\",\"status\":\"200\",\"remote-addr\":\"::ffff:10.1.20.2\",\"response-time\":\"94.434 ms\"}\n","level":"info"}
